<?xml version="1.0" encoding="UTF-8"?>
<!-- Generated by org.testng.reporters.JUnitReportReporter -->
<testsuite hostname="EVT01213NB" failures="0" tests="2" name="Intro_Maven.mavenjava.AppiumTest" time="0.001" errors="0" timestamp="2020-04-09T21:17:02 EET" skipped="0">
  <testcase classname="Intro_Maven.mavenjava.AppiumTest" name="IOSApp" time="0.001"/>
  <testcase classname="Intro_Maven.mavenjava.AppiumTest" name="AdroidApp" time="0.000"/>
</testsuite> <!-- Intro_Maven.mavenjava.AppiumTest -->
